<?xml version="1.0" encoding="UTF-8"?>
<coverage generated="1773831854542" clover="3.2.0">
  <project timestamp="1773831854542" name="All files">
    <metrics statements="148" coveredstatements="133" conditionals="107" coveredconditionals="83" methods="17" coveredmethods="15" elements="272" coveredelements="231" complexity="0" loc="148" ncloc="148" packages="1" files="3" classes="3"/>
    <file name="getDidYouMean.js" path="/Users/jatin/dev/projects codes/assignments/email-verification-module-app/email-verification-module/src/getDidYouMean.js">
      <metrics statements="30" coveredstatements="30" conditionals="28" coveredconditionals="27" methods="4" coveredmethods="4"/>
      <line num="11" count="2" type="stmt"/>
      <line num="35" count="188" type="stmt"/>
      <line num="36" count="188" type="stmt"/>
      <line num="39" count="188" type="cond" truecount="2" falsecount="0"/>
      <line num="40" count="187" type="cond" truecount="2" falsecount="0"/>
      <line num="43" count="186" type="stmt"/>
      <line num="44" count="25461" type="cond" truecount="4" falsecount="0"/>
      <line num="47" count="186" type="stmt"/>
      <line num="48" count="2219" type="stmt"/>
      <line num="49" count="21273" type="cond" truecount="2" falsecount="0"/>
      <line num="50" count="21273" type="stmt"/>
      <line num="58" count="186" type="stmt"/>
      <line num="68" count="21" type="cond" truecount="4" falsecount="0"/>
      <line num="70" count="18" type="stmt"/>
      <line num="71" count="18" type="cond" truecount="2" falsecount="0"/>
      <line num="73" count="17" type="stmt"/>
      <line num="74" count="17" type="stmt"/>
      <line num="76" count="17" type="cond" truecount="3" falsecount="1"/>
      <line num="79" count="17" type="cond" truecount="2" falsecount="0"/>
      <line num="81" count="15" type="stmt"/>
      <line num="82" count="15" type="stmt"/>
      <line num="84" count="15" type="stmt"/>
      <line num="85" count="180" type="stmt"/>
      <line num="86" count="180" type="cond" truecount="2" falsecount="0"/>
      <line num="87" count="25" type="stmt"/>
      <line num="88" count="25" type="stmt"/>
      <line num="93" count="15" type="cond" truecount="4" falsecount="0"/>
      <line num="94" count="9" type="stmt"/>
      <line num="97" count="6" type="stmt"/>
      <line num="100" count="2" type="stmt"/>
    </file>
    <file name="index.js" path="/Users/jatin/dev/projects codes/assignments/email-verification-module-app/email-verification-module/src/index.js">
      <metrics statements="3" coveredstatements="0" conditionals="0" coveredconditionals="0" methods="0" coveredmethods="0"/>
      <line num="7" count="0" type="stmt"/>
      <line num="8" count="0" type="stmt"/>
      <line num="10" count="0" type="stmt"/>
    </file>
    <file name="verifyEmail.js" path="/Users/jatin/dev/projects codes/assignments/email-verification-module-app/email-verification-module/src/verifyEmail.js">
      <metrics statements="115" coveredstatements="103" conditionals="79" coveredconditionals="56" methods="13" coveredmethods="11"/>
      <line num="8" count="1" type="stmt"/>
      <line num="9" count="1" type="stmt"/>
      <line num="10" count="1" type="stmt"/>
      <line num="13" count="1" type="stmt"/>
      <line num="20" count="1" type="stmt"/>
      <line num="40" count="1" type="stmt"/>
      <line num="49" count="26" type="cond" truecount="4" falsecount="0"/>
      <line num="50" count="4" type="stmt"/>
      <line num="52" count="22" type="cond" truecount="1" falsecount="1"/>
      <line num="53" count="0" type="stmt"/>
      <line num="55" count="22" type="cond" truecount="2" falsecount="0"/>
      <line num="56" count="5" type="stmt"/>
      <line num="58" count="17" type="cond" truecount="2" falsecount="0"/>
      <line num="59" count="2" type="stmt"/>
      <line num="62" count="15" type="cond" truecount="2" falsecount="0"/>
      <line num="63" count="15" type="cond" truecount="2" falsecount="0"/>
      <line num="64" count="2" type="stmt"/>
      <line num="66" count="13" type="cond" truecount="2" falsecount="0"/>
      <line num="67" count="4" type="stmt"/>
      <line num="69" count="9" type="stmt"/>
      <line num="79" count="5" type="stmt"/>
      <line num="80" count="4" type="stmt"/>
      <line num="81" count="4" type="stmt"/>
      <line num="95" count="4" type="stmt"/>
      <line num="96" count="4" type="stmt"/>
      <line num="97" count="4" type="stmt"/>
      <line num="98" count="4" type="stmt"/>
      <line num="99" count="4" type="stmt"/>
      <line num="100" count="4" type="stmt"/>
      <line num="101" count="4" type="stmt"/>
      <line num="103" count="4" type="stmt"/>
      <line num="104" count="4" type="cond" truecount="1" falsecount="1"/>
      <line num="105" count="4" type="stmt"/>
      <line num="106" count="4" type="stmt"/>
      <line num="107" count="4" type="stmt"/>
      <line num="109" count="4" type="cond" truecount="2" falsecount="0"/>
      <line num="110" count="3" type="stmt"/>
      <line num="113" count="4" type="stmt"/>
      <line num="115" count="4" type="stmt"/>
      <line num="116" count="0" type="stmt"/>
      <line num="119" count="4" type="stmt"/>
      <line num="120" count="1" type="stmt"/>
      <line num="123" count="4" type="stmt"/>
      <line num="124" count="15" type="stmt"/>
      <line num="127" count="15" type="stmt"/>
      <line num="128" count="15" type="stmt"/>
      <line num="130" count="15" type="stmt"/>
      <line num="131" count="15" type="stmt"/>
      <line num="132" count="15" type="cond" truecount="1" falsecount="1"/>
      <line num="135" count="15" type="stmt"/>
      <line num="136" count="15" type="cond" truecount="1" falsecount="1"/>
      <line num="140" count="15" type="cond" truecount="1" falsecount="1"/>
      <line num="142" count="15" type="stmt"/>
      <line num="143" count="15" type="stmt"/>
      <line num="145" count="15" type="cond" truecount="2" falsecount="0"/>
      <line num="147" count="3" type="cond" truecount="1" falsecount="1"/>
      <line num="148" count="3" type="stmt"/>
      <line num="149" count="3" type="stmt"/>
      <line num="151" count="0" type="stmt"/>
      <line num="153" count="12" type="cond" truecount="2" falsecount="0"/>
      <line num="154" count="3" type="cond" truecount="1" falsecount="1"/>
      <line num="155" count="3" type="stmt"/>
      <line num="156" count="3" type="stmt"/>
      <line num="158" count="0" type="stmt"/>
      <line num="160" count="9" type="cond" truecount="2" falsecount="0"/>
      <line num="162" count="3" type="cond" truecount="2" falsecount="3"/>
      <line num="163" count="3" type="stmt"/>
      <line num="164" count="3" type="stmt"/>
      <line num="166" count="0" type="stmt"/>
      <line num="168" count="6" type="cond" truecount="2" falsecount="0"/>
      <line num="169" count="3" type="stmt"/>
      <line num="170" count="3" type="stmt"/>
      <line num="171" count="3" type="stmt"/>
      <line num="172" count="3" type="stmt"/>
      <line num="173" count="3" type="cond" truecount="1" falsecount="1"/>
      <line num="174" count="3" type="stmt"/>
      <line num="179" count="4" type="stmt"/>
      <line num="190" count="8" type="cond" truecount="4" falsecount="0"/>
      <line num="192" count="2" type="stmt"/>
      <line num="193" count="6" type="cond" truecount="5" falsecount="0"/>
      <line num="195" count="2" type="stmt"/>
      <line num="196" count="4" type="cond" truecount="2" falsecount="0"/>
      <line num="198" count="1" type="stmt"/>
      <line num="199" count="3" type="cond" truecount="4" falsecount="2"/>
      <line num="201" count="3" type="stmt"/>
      <line num="202" count="0" type="cond" truecount="0" falsecount="4"/>
      <line num="204" count="0" type="stmt"/>
      <line num="205" count="0" type="cond" truecount="0" falsecount="4"/>
      <line num="207" count="0" type="stmt"/>
      <line num="210" count="0" type="stmt"/>
      <line num="221" count="14" type="stmt"/>
      <line num="223" count="14" type="stmt"/>
      <line num="238" count="14" type="stmt"/>
      <line num="239" count="14" type="cond" truecount="2" falsecount="0"/>
      <line num="240" count="8" type="stmt"/>
      <line num="248" count="6" type="stmt"/>
      <line num="251" count="6" type="stmt"/>
      <line num="252" count="6" type="cond" truecount="2" falsecount="0"/>
      <line num="253" count="1" type="stmt"/>
      <line num="264" count="5" type="stmt"/>
      <line num="265" count="5" type="stmt"/>
      <line num="266" count="5" type="stmt"/>
      <line num="267" count="4" type="cond" truecount="1" falsecount="1"/>
      <line num="268" count="0" type="stmt"/>
      <line num="277" count="1" type="stmt"/>
      <line num="288" count="4" type="stmt"/>
      <line num="289" count="4" type="stmt"/>
      <line num="290" count="4" type="stmt"/>
      <line num="291" count="3" type="stmt"/>
      <line num="293" count="3" type="stmt"/>
      <line num="300" count="1" type="stmt"/>
      <line num="301" count="1" type="cond" truecount="1" falsecount="1"/>
      <line num="302" count="1" type="stmt"/>
      <line num="316" count="0" type="stmt"/>
      <line num="319" count="1" type="stmt"/>
    </file>
  </project>
</coverage>
