{"/Users/jatin/dev/projects codes/assignments/email-verification-module-app/email-verification-module/src/getDidYouMean.js": {"path":"/Users/jatin/dev/projects codes/assignments/email-verification-module-app/email-verification-module/src/getDidYouMean.js","statementMap":{"0":{"start":{"line":11,"column":22},"end":{"line":24,"column":1}},"1":{"start":{"line":35,"column":13},"end":{"line":35,"column":21}},"2":{"start":{"line":36,"column":13},"end":{"line":36,"column":21}},"3":{"start":{"line":39,"column":2},"end":{"line":39,"column":26}},"4":{"start":{"line":39,"column":16},"end":{"line":39,"column":26}},"5":{"start":{"line":40,"column":2},"end":{"line":40,"column":26}},"6":{"start":{"line":40,"column":16},"end":{"line":40,"column":26}},"7":{"start":{"line":43,"column":17},"end":{"line":45,"column":3}},"8":{"start":{"line":44,"column":4},"end":{"line":44,"column":77}},"9":{"start":{"line":44,"column":46},"end":{"line":44,"column":75}},"10":{"start":{"line":47,"column":2},"end":{"line":56,"column":3}},"11":{"start":{"line":47,"column":15},"end":{"line":47,"column":16}},"12":{"start":{"line":48,"column":4},"end":{"line":55,"column":5}},"13":{"start":{"line":48,"column":17},"end":{"line":48,"column":18}},"14":{"start":{"line":49,"column":19},"end":{"line":49,"column":48}},"15":{"start":{"line":50,"column":6},"end":{"line":54,"column":8}},"16":{"start":{"line":58,"column":2},"end":{"line":58,"column":24}},"17":{"start":{"line":68,"column":2},"end":{"line":68,"column":55}},"18":{"start":{"line":68,"column":43},"end":{"line":68,"column":55}},"19":{"start":{"line":70,"column":16},"end":{"line":70,"column":38}},"20":{"start":{"line":71,"column":2},"end":{"line":71,"column":32}},"21":{"start":{"line":71,"column":20},"end":{"line":71,"column":32}},"22":{"start":{"line":73,"column":16},"end":{"line":73,"column":37}},"23":{"start":{"line":74,"column":17},"end":{"line":74,"column":53}},"24":{"start":{"line":76,"column":2},"end":{"line":76,"column":37}},"25":{"start":{"line":76,"column":25},"end":{"line":76,"column":37}},"26":{"start":{"line":79,"column":2},"end":{"line":79,"column":50}},"27":{"start":{"line":79,"column":38},"end":{"line":79,"column":50}},"28":{"start":{"line":81,"column":18},"end":{"line":81,"column":22}},"29":{"start":{"line":82,"column":21},"end":{"line":82,"column":29}},"30":{"start":{"line":84,"column":2},"end":{"line":90,"column":3}},"31":{"start":{"line":85,"column":17},"end":{"line":85,"column":43}},"32":{"start":{"line":86,"column":4},"end":{"line":89,"column":5}},"33":{"start":{"line":87,"column":6},"end":{"line":87,"column":26}},"34":{"start":{"line":88,"column":6},"end":{"line":88,"column":24}},"35":{"start":{"line":93,"column":2},"end":{"line":95,"column":3}},"36":{"start":{"line":94,"column":4},"end":{"line":94,"column":35}},"37":{"start":{"line":97,"column":2},"end":{"line":97,"column":14}},"38":{"start":{"line":100,"column":0},"end":{"line":100,"column":63}}},"fnMap":{"0":{"name":"levenshtein","decl":{"start":{"line":34,"column":9},"end":{"line":34,"column":20}},"loc":{"start":{"line":34,"column":27},"end":{"line":59,"column":1}},"line":34},"1":{"name":"(anonymous_1)","decl":{"start":{"line":43,"column":48},"end":{"line":43,"column":49}},"loc":{"start":{"line":44,"column":4},"end":{"line":44,"column":77}},"line":44},"2":{"name":"(anonymous_2)","decl":{"start":{"line":44,"column":35},"end":{"line":44,"column":36}},"loc":{"start":{"line":44,"column":46},"end":{"line":44,"column":75}},"line":44},"3":{"name":"getDidYouMean","decl":{"start":{"line":67,"column":9},"end":{"line":67,"column":22}},"loc":{"start":{"line":67,"column":30},"end":{"line":98,"column":1}},"line":67}},"branchMap":{"0":{"loc":{"start":{"line":39,"column":2},"end":{"line":39,"column":26}},"type":"if","locations":[{"start":{"line":39,"column":2},"end":{"line":39,"column":26}},{"start":{},"end":{}}],"line":39},"1":{"loc":{"start":{"line":40,"column":2},"end":{"line":40,"column":26}},"type":"if","locations":[{"start":{"line":40,"column":2},"end":{"line":40,"column":26}},{"start":{},"end":{}}],"line":40},"2":{"loc":{"start":{"line":44,"column":46},"end":{"line":44,"column":75}},"type":"cond-expr","locations":[{"start":{"line":44,"column":56},"end":{"line":44,"column":57}},{"start":{"line":44,"column":60},"end":{"line":44,"column":75}}],"line":44},"3":{"loc":{"start":{"line":44,"column":60},"end":{"line":44,"column":75}},"type":"cond-expr","locations":[{"start":{"line":44,"column":70},"end":{"line":44,"column":71}},{"start":{"line":44,"column":74},"end":{"line":44,"column":75}}],"line":44},"4":{"loc":{"start":{"line":49,"column":19},"end":{"line":49,"column":48}},"type":"cond-expr","locations":[{"start":{"line":49,"column":43},"end":{"line":49,"column":44}},{"start":{"line":49,"column":47},"end":{"line":49,"column":48}}],"line":49},"5":{"loc":{"start":{"line":68,"column":2},"end":{"line":68,"column":55}},"type":"if","locations":[{"start":{"line":68,"column":2},"end":{"line":68,"column":55}},{"start":{},"end":{}}],"line":68},"6":{"loc":{"start":{"line":68,"column":6},"end":{"line":68,"column":41}},"type":"binary-expr","locations":[{"start":{"line":68,"column":6},"end":{"line":68,"column":12}},{"start":{"line":68,"column":16},"end":{"line":68,"column":41}}],"line":68},"7":{"loc":{"start":{"line":71,"column":2},"end":{"line":71,"column":32}},"type":"if","locations":[{"start":{"line":71,"column":2},"end":{"line":71,"column":32}},{"start":{},"end":{}}],"line":71},"8":{"loc":{"start":{"line":76,"column":2},"end":{"line":76,"column":37}},"type":"if","locations":[{"start":{"line":76,"column":2},"end":{"line":76,"column":37}},{"start":{},"end":{}}],"line":76},"9":{"loc":{"start":{"line":76,"column":6},"end":{"line":76,"column":23}},"type":"binary-expr","locations":[{"start":{"line":76,"column":6},"end":{"line":76,"column":12}},{"start":{"line":76,"column":16},"end":{"line":76,"column":23}}],"line":76},"10":{"loc":{"start":{"line":79,"column":2},"end":{"line":79,"column":50}},"type":"if","locations":[{"start":{"line":79,"column":2},"end":{"line":79,"column":50}},{"start":{},"end":{}}],"line":79},"11":{"loc":{"start":{"line":86,"column":4},"end":{"line":89,"column":5}},"type":"if","locations":[{"start":{"line":86,"column":4},"end":{"line":89,"column":5}},{"start":{},"end":{}}],"line":86},"12":{"loc":{"start":{"line":93,"column":2},"end":{"line":95,"column":3}},"type":"if","locations":[{"start":{"line":93,"column":2},"end":{"line":95,"column":3}},{"start":{},"end":{}}],"line":93},"13":{"loc":{"start":{"line":93,"column":6},"end":{"line":93,"column":45}},"type":"binary-expr","locations":[{"start":{"line":93,"column":6},"end":{"line":93,"column":23}},{"start":{"line":93,"column":27},"end":{"line":93,"column":45}}],"line":93}},"s":{"0":2,"1":188,"2":188,"3":188,"4":1,"5":187,"6":1,"7":186,"8":2405,"9":25461,"10":186,"11":186,"12":2219,"13":2219,"14":21273,"15":21273,"16":186,"17":21,"18":3,"19":18,"20":18,"21":1,"22":17,"23":17,"24":17,"25":0,"26":17,"27":2,"28":15,"29":15,"30":15,"31":180,"32":180,"33":25,"34":25,"35":15,"36":9,"37":6,"38":2},"f":{"0":188,"1":2405,"2":25461,"3":21},"b":{"0":[1,187],"1":[1,186],"2":[1969,23492],"3":[2219,21273],"4":[2022,19251],"5":[3,18],"6":[21,18],"7":[1,17],"8":[0,17],"9":[17,17],"10":[2,15],"11":[25,155],"12":[9,6],"13":[15,9]},"_coverageSchema":"1a1c01bbd47fc00a2c39e90264f33305004495a9","hash":"e5993b05c92f19bc261fc937e2aa5e13dee19476"}
,"/Users/jatin/dev/projects codes/assignments/email-verification-module-app/email-verification-module/src/index.js": {"path":"/Users/jatin/dev/projects codes/assignments/email-verification-module-app/email-verification-module/src/index.js","statementMap":{"0":{"start":{"line":7,"column":66},"end":{"line":7,"column":90}},"1":{"start":{"line":8,"column":39},"end":{"line":8,"column":65}},"2":{"start":{"line":10,"column":0},"end":{"line":18,"column":2}}},"fnMap":{},"branchMap":{},"s":{"0":0,"1":0,"2":0},"f":{},"b":{}}
,"/Users/jatin/dev/projects codes/assignments/email-verification-module-app/email-verification-module/src/verifyEmail.js": {"path":"/Users/jatin/dev/projects codes/assignments/email-verification-module-app/email-verification-module/src/verifyEmail.js","statementMap":{"0":{"start":{"line":8,"column":12},"end":{"line":8,"column":26}},"1":{"start":{"line":9,"column":12},"end":{"line":9,"column":26}},"2":{"start":{"line":10,"column":26},"end":{"line":10,"column":52}},"3":{"start":{"line":13,"column":21},"end":{"line":17,"column":1}},"4":{"start":{"line":20,"column":19},"end":{"line":30,"column":1}},"5":{"start":{"line":40,"column":20},"end":{"line":40,"column":173}},"6":{"start":{"line":49,"column":2},"end":{"line":51,"column":3}},"7":{"start":{"line":50,"column":4},"end":{"line":50,"column":66}},"8":{"start":{"line":52,"column":2},"end":{"line":54,"column":3}},"9":{"start":{"line":53,"column":4},"end":{"line":53,"column":62}},"10":{"start":{"line":55,"column":2},"end":{"line":57,"column":3}},"11":{"start":{"line":56,"column":4},"end":{"line":56,"column":54}},"12":{"start":{"line":58,"column":2},"end":{"line":60,"column":3}},"13":{"start":{"line":59,"column":4},"end":{"line":59,"column":86}},"14":{"start":{"line":62,"column":18},"end":{"line":62,"column":50}},"15":{"start":{"line":63,"column":2},"end":{"line":65,"column":3}},"16":{"start":{"line":64,"column":4},"end":{"line":64,"column":73}},"17":{"start":{"line":66,"column":2},"end":{"line":68,"column":3}},"18":{"start":{"line":67,"column":4},"end":{"line":67,"column":63}},"19":{"start":{"line":69,"column":2},"end":{"line":69,"column":39}},"20":{"start":{"line":79,"column":18},"end":{"line":79,"column":54}},"21":{"start":{"line":80,"column":2},"end":{"line":80,"column":50}},"22":{"start":{"line":80,"column":25},"end":{"line":80,"column":48}},"23":{"start":{"line":81,"column":2},"end":{"line":81,"column":40}},"24":{"start":{"line":81,"column":28},"end":{"line":81,"column":38}},"25":{"start":{"line":95,"column":2},"end":{"line":180,"column":5}},"26":{"start":{"line":96,"column":19},"end":{"line":96,"column":35}},"27":{"start":{"line":97,"column":16},"end":{"line":97,"column":25}},"28":{"start":{"line":98,"column":19},"end":{"line":98,"column":23}},"29":{"start":{"line":99,"column":22},"end":{"line":99,"column":24}},"30":{"start":{"line":100,"column":18},"end":{"line":100,"column":23}},"31":{"start":{"line":101,"column":17},"end":{"line":101,"column":19}},"32":{"start":{"line":103,"column":17},"end":{"line":111,"column":5}},"33":{"start":{"line":104,"column":6},"end":{"line":104,"column":26}},"34":{"start":{"line":104,"column":19},"end":{"line":104,"column":26}},"35":{"start":{"line":105,"column":6},"end":{"line":105,"column":21}},"36":{"start":{"line":106,"column":6},"end":{"line":108,"column":20}},"37":{"start":{"line":107,"column":8},"end":{"line":107,"column":25}},"38":{"start":{"line":109,"column":6},"end":{"line":110,"column":27}},"39":{"start":{"line":109,"column":15},"end":{"line":109,"column":27}},"40":{"start":{"line":110,"column":11},"end":{"line":110,"column":27}},"41":{"start":{"line":113,"column":4},"end":{"line":113,"column":33}},"42":{"start":{"line":115,"column":4},"end":{"line":117,"column":7}},"43":{"start":{"line":116,"column":6},"end":{"line":116,"column":38}},"44":{"start":{"line":119,"column":4},"end":{"line":121,"column":7}},"45":{"start":{"line":120,"column":6},"end":{"line":120,"column":63}},"46":{"start":{"line":123,"column":4},"end":{"line":177,"column":7}},"47":{"start":{"line":124,"column":6},"end":{"line":124,"column":33}},"48":{"start":{"line":127,"column":18},"end":{"line":127,"column":36}},"49":{"start":{"line":128,"column":6},"end":{"line":128,"column":27}},"50":{"start":{"line":130,"column":6},"end":{"line":176,"column":7}},"51":{"start":{"line":131,"column":21},"end":{"line":131,"column":34}},"52":{"start":{"line":132,"column":8},"end":{"line":132,"column":28}},"53":{"start":{"line":132,"column":19},"end":{"line":132,"column":28}},"54":{"start":{"line":135,"column":22},"end":{"line":135,"column":53}},"55":{"start":{"line":136,"column":8},"end":{"line":136,"column":29}},"56":{"start":{"line":136,"column":20},"end":{"line":136,"column":29}},"57":{"start":{"line":140,"column":8},"end":{"line":140,"column":38}},"58":{"start":{"line":140,"column":29},"end":{"line":140,"column":38}},"59":{"start":{"line":142,"column":21},"end":{"line":142,"column":43}},"60":{"start":{"line":143,"column":20},"end":{"line":143,"column":28}},"61":{"start":{"line":145,"column":8},"end":{"line":175,"column":9}},"62":{"start":{"line":147,"column":10},"end":{"line":152,"column":11}},"63":{"start":{"line":148,"column":12},"end":{"line":148,"column":27}},"64":{"start":{"line":149,"column":12},"end":{"line":149,"column":50}},"65":{"start":{"line":151,"column":12},"end":{"line":151,"column":72}},"66":{"start":{"line":153,"column":15},"end":{"line":175,"column":9}},"67":{"start":{"line":154,"column":10},"end":{"line":159,"column":11}},"68":{"start":{"line":155,"column":12},"end":{"line":155,"column":32}},"69":{"start":{"line":156,"column":12},"end":{"line":156,"column":64}},"70":{"start":{"line":158,"column":12},"end":{"line":158,"column":64}},"71":{"start":{"line":160,"column":15},"end":{"line":175,"column":9}},"72":{"start":{"line":162,"column":10},"end":{"line":167,"column":11}},"73":{"start":{"line":163,"column":12},"end":{"line":163,"column":30}},"74":{"start":{"line":164,"column":12},"end":{"line":164,"column":51}},"75":{"start":{"line":166,"column":12},"end":{"line":166,"column":69}},"76":{"start":{"line":168,"column":15},"end":{"line":175,"column":9}},"77":{"start":{"line":169,"column":10},"end":{"line":169,"column":26}},"78":{"start":{"line":170,"column":10},"end":{"line":170,"column":28}},"79":{"start":{"line":171,"column":10},"end":{"line":171,"column":25}},"80":{"start":{"line":172,"column":10},"end":{"line":172,"column":35}},"81":{"start":{"line":173,"column":15},"end":{"line":175,"column":9}},"82":{"start":{"line":174,"column":10},"end":{"line":174,"column":63}},"83":{"start":{"line":179,"column":4},"end":{"line":179,"column":31}},"84":{"start":{"line":190,"column":2},"end":{"line":208,"column":3}},"85":{"start":{"line":192,"column":4},"end":{"line":192,"column":101}},"86":{"start":{"line":193,"column":9},"end":{"line":208,"column":3}},"87":{"start":{"line":195,"column":4},"end":{"line":195,"column":101}},"88":{"start":{"line":196,"column":9},"end":{"line":208,"column":3}},"89":{"start":{"line":198,"column":4},"end":{"line":198,"column":107}},"90":{"start":{"line":199,"column":9},"end":{"line":208,"column":3}},"91":{"start":{"line":201,"column":4},"end":{"line":201,"column":108}},"92":{"start":{"line":202,"column":9},"end":{"line":208,"column":3}},"93":{"start":{"line":204,"column":4},"end":{"line":204,"column":107}},"94":{"start":{"line":205,"column":9},"end":{"line":208,"column":3}},"95":{"start":{"line":207,"column":4},"end":{"line":207,"column":108}},"96":{"start":{"line":210,"column":2},"end":{"line":210,"column":105}},"97":{"start":{"line":221,"column":20},"end":{"line":221,"column":30}},"98":{"start":{"line":223,"column":22},"end":{"line":235,"column":4}},"99":{"start":{"line":223,"column":38},"end":{"line":235,"column":3}},"100":{"start":{"line":238,"column":17},"end":{"line":238,"column":38}},"101":{"start":{"line":239,"column":2},"end":{"line":246,"column":3}},"102":{"start":{"line":240,"column":4},"end":{"line":245,"column":7}},"103":{"start":{"line":248,"column":17},"end":{"line":248,"column":50}},"104":{"start":{"line":251,"column":21},"end":{"line":251,"column":41}},"105":{"start":{"line":252,"column":2},"end":{"line":261,"column":3}},"106":{"start":{"line":253,"column":4},"end":{"line":260,"column":7}},"107":{"start":{"line":264,"column":18},"end":{"line":264,"column":20}},"108":{"start":{"line":265,"column":2},"end":{"line":284,"column":3}},"109":{"start":{"line":266,"column":4},"end":{"line":266,"column":43}},"110":{"start":{"line":267,"column":4},"end":{"line":275,"column":5}},"111":{"start":{"line":268,"column":6},"end":{"line":274,"column":9}},"112":{"start":{"line":277,"column":4},"end":{"line":283,"column":7}},"113":{"start":{"line":288,"column":2},"end":{"line":313,"column":3}},"114":{"start":{"line":289,"column":4},"end":{"line":312,"column":5}},"115":{"start":{"line":290,"column":25},"end":{"line":290,"column":55}},"116":{"start":{"line":291,"column":26},"end":{"line":291,"column":60}},"117":{"start":{"line":293,"column":6},"end":{"line":297,"column":9}},"118":{"start":{"line":300,"column":27},"end":{"line":300,"column":69}},"119":{"start":{"line":301,"column":6},"end":{"line":310,"column":7}},"120":{"start":{"line":302,"column":8},"end":{"line":309,"column":11}},"121":{"start":{"line":316,"column":2},"end":{"line":316,"column":44}},"122":{"start":{"line":319,"column":0},"end":{"line":327,"column":2}}},"fnMap":{"0":{"name":"validateSyntax","decl":{"start":{"line":48,"column":9},"end":{"line":48,"column":23}},"loc":{"start":{"line":48,"column":31},"end":{"line":70,"column":1}},"line":48},"1":{"name":"getMxRecords","decl":{"start":{"line":78,"column":15},"end":{"line":78,"column":27}},"loc":{"start":{"line":78,"column":36},"end":{"line":82,"column":1}},"line":78},"2":{"name":"(anonymous_2)","decl":{"start":{"line":80,"column":15},"end":{"line":80,"column":16}},"loc":{"start":{"line":80,"column":25},"end":{"line":80,"column":48}},"line":80},"3":{"name":"(anonymous_3)","decl":{"start":{"line":81,"column":21},"end":{"line":81,"column":22}},"loc":{"start":{"line":81,"column":28},"end":{"line":81,"column":38}},"line":81},"4":{"name":"smtpCheck","decl":{"start":{"line":94,"column":9},"end":{"line":94,"column":18}},"loc":{"start":{"line":94,"column":53},"end":{"line":181,"column":1}},"line":94},"5":{"name":"(anonymous_5)","decl":{"start":{"line":95,"column":21},"end":{"line":95,"column":22}},"loc":{"start":{"line":95,"column":42},"end":{"line":180,"column":3}},"line":95},"6":{"name":"(anonymous_6)","decl":{"start":{"line":103,"column":17},"end":{"line":103,"column":18}},"loc":{"start":{"line":103,"column":34},"end":{"line":111,"column":5}},"line":103},"7":{"name":"(anonymous_7)","decl":{"start":{"line":115,"column":25},"end":{"line":115,"column":26}},"loc":{"start":{"line":115,"column":31},"end":{"line":117,"column":5}},"line":115},"8":{"name":"(anonymous_8)","decl":{"start":{"line":119,"column":23},"end":{"line":119,"column":24}},"loc":{"start":{"line":119,"column":32},"end":{"line":121,"column":5}},"line":119},"9":{"name":"(anonymous_9)","decl":{"start":{"line":123,"column":22},"end":{"line":123,"column":23}},"loc":{"start":{"line":123,"column":33},"end":{"line":177,"column":5}},"line":123},"10":{"name":"interpretSmtpCode","decl":{"start":{"line":189,"column":9},"end":{"line":189,"column":26}},"loc":{"start":{"line":189,"column":33},"end":{"line":211,"column":1}},"line":189},"11":{"name":"verifyEmail","decl":{"start":{"line":220,"column":15},"end":{"line":220,"column":26}},"loc":{"start":{"line":220,"column":34},"end":{"line":317,"column":1}},"line":220},"12":{"name":"(anonymous_12)","decl":{"start":{"line":223,"column":22},"end":{"line":223,"column":23}},"loc":{"start":{"line":223,"column":38},"end":{"line":235,"column":3}},"line":223}},"branchMap":{"0":{"loc":{"start":{"line":49,"column":2},"end":{"line":51,"column":3}},"type":"if","locations":[{"start":{"line":49,"column":2},"end":{"line":51,"column":3}},{"start":{},"end":{}}],"line":49},"1":{"loc":{"start":{"line":49,"column":6},"end":{"line":49,"column":43}},"type":"binary-expr","locations":[{"start":{"line":49,"column":6},"end":{"line":49,"column":20}},{"start":{"line":49,"column":24},"end":{"line":49,"column":43}}],"line":49},"2":{"loc":{"start":{"line":52,"column":2},"end":{"line":54,"column":3}},"type":"if","locations":[{"start":{"line":52,"column":2},"end":{"line":54,"column":3}},{"start":{},"end":{}}],"line":52},"3":{"loc":{"start":{"line":55,"column":2},"end":{"line":57,"column":3}},"type":"if","locations":[{"start":{"line":55,"column":2},"end":{"line":57,"column":3}},{"start":{},"end":{}}],"line":55},"4":{"loc":{"start":{"line":58,"column":2},"end":{"line":60,"column":3}},"type":"if","locations":[{"start":{"line":58,"column":2},"end":{"line":60,"column":3}},{"start":{},"end":{}}],"line":58},"5":{"loc":{"start":{"line":62,"column":19},"end":{"line":62,"column":42}},"type":"binary-expr","locations":[{"start":{"line":62,"column":19},"end":{"line":62,"column":36}},{"start":{"line":62,"column":40},"end":{"line":62,"column":42}}],"line":62},"6":{"loc":{"start":{"line":63,"column":2},"end":{"line":65,"column":3}},"type":"if","locations":[{"start":{"line":63,"column":2},"end":{"line":65,"column":3}},{"start":{},"end":{}}],"line":63},"7":{"loc":{"start":{"line":66,"column":2},"end":{"line":68,"column":3}},"type":"if","locations":[{"start":{"line":66,"column":2},"end":{"line":68,"column":3}},{"start":{},"end":{}}],"line":66},"8":{"loc":{"start":{"line":94,"column":34},"end":{"line":94,"column":51}},"type":"default-arg","locations":[{"start":{"line":94,"column":46},"end":{"line":94,"column":51}}],"line":94},"9":{"loc":{"start":{"line":104,"column":6},"end":{"line":104,"column":26}},"type":"if","locations":[{"start":{"line":104,"column":6},"end":{"line":104,"column":26}},{"start":{},"end":{}}],"line":104},"10":{"loc":{"start":{"line":109,"column":6},"end":{"line":110,"column":27}},"type":"if","locations":[{"start":{"line":109,"column":6},"end":{"line":110,"column":27}},{"start":{"line":110,"column":11},"end":{"line":110,"column":27}}],"line":109},"11":{"loc":{"start":{"line":132,"column":8},"end":{"line":132,"column":28}},"type":"if","locations":[{"start":{"line":132,"column":8},"end":{"line":132,"column":28}},{"start":{},"end":{}}],"line":132},"12":{"loc":{"start":{"line":136,"column":8},"end":{"line":136,"column":29}},"type":"if","locations":[{"start":{"line":136,"column":8},"end":{"line":136,"column":29}},{"start":{},"end":{}}],"line":136},"13":{"loc":{"start":{"line":140,"column":8},"end":{"line":140,"column":38}},"type":"if","locations":[{"start":{"line":140,"column":8},"end":{"line":140,"column":38}},{"start":{},"end":{}}],"line":140},"14":{"loc":{"start":{"line":145,"column":8},"end":{"line":175,"column":9}},"type":"if","locations":[{"start":{"line":145,"column":8},"end":{"line":175,"column":9}},{"start":{"line":153,"column":15},"end":{"line":175,"column":9}}],"line":145},"15":{"loc":{"start":{"line":147,"column":10},"end":{"line":152,"column":11}},"type":"if","locations":[{"start":{"line":147,"column":10},"end":{"line":152,"column":11}},{"start":{"line":150,"column":17},"end":{"line":152,"column":11}}],"line":147},"16":{"loc":{"start":{"line":153,"column":15},"end":{"line":175,"column":9}},"type":"if","locations":[{"start":{"line":153,"column":15},"end":{"line":175,"column":9}},{"start":{"line":160,"column":15},"end":{"line":175,"column":9}}],"line":153},"17":{"loc":{"start":{"line":154,"column":10},"end":{"line":159,"column":11}},"type":"if","locations":[{"start":{"line":154,"column":10},"end":{"line":159,"column":11}},{"start":{"line":157,"column":17},"end":{"line":159,"column":11}}],"line":154},"18":{"loc":{"start":{"line":160,"column":15},"end":{"line":175,"column":9}},"type":"if","locations":[{"start":{"line":160,"column":15},"end":{"line":175,"column":9}},{"start":{"line":168,"column":15},"end":{"line":175,"column":9}}],"line":160},"19":{"loc":{"start":{"line":162,"column":10},"end":{"line":167,"column":11}},"type":"if","locations":[{"start":{"line":162,"column":10},"end":{"line":167,"column":11}},{"start":{"line":165,"column":17},"end":{"line":167,"column":11}}],"line":162},"20":{"loc":{"start":{"line":162,"column":14},"end":{"line":162,"column":57}},"type":"binary-expr","locations":[{"start":{"line":162,"column":14},"end":{"line":162,"column":26}},{"start":{"line":162,"column":31},"end":{"line":162,"column":42}},{"start":{"line":162,"column":46},"end":{"line":162,"column":56}}],"line":162},"21":{"loc":{"start":{"line":168,"column":15},"end":{"line":175,"column":9}},"type":"if","locations":[{"start":{"line":168,"column":15},"end":{"line":175,"column":9}},{"start":{"line":173,"column":15},"end":{"line":175,"column":9}}],"line":168},"22":{"loc":{"start":{"line":173,"column":15},"end":{"line":175,"column":9}},"type":"if","locations":[{"start":{"line":173,"column":15},"end":{"line":175,"column":9}},{"start":{},"end":{}}],"line":173},"23":{"loc":{"start":{"line":190,"column":2},"end":{"line":208,"column":3}},"type":"if","locations":[{"start":{"line":190,"column":2},"end":{"line":208,"column":3}},{"start":{"line":193,"column":9},"end":{"line":208,"column":3}}],"line":190},"24":{"loc":{"start":{"line":190,"column":6},"end":{"line":190,"column":31}},"type":"binary-expr","locations":[{"start":{"line":190,"column":6},"end":{"line":190,"column":17}},{"start":{"line":190,"column":21},"end":{"line":190,"column":31}}],"line":190},"25":{"loc":{"start":{"line":193,"column":9},"end":{"line":208,"column":3}},"type":"if","locations":[{"start":{"line":193,"column":9},"end":{"line":208,"column":3}},{"start":{"line":196,"column":9},"end":{"line":208,"column":3}}],"line":193},"26":{"loc":{"start":{"line":193,"column":13},"end":{"line":193,"column":57}},"type":"binary-expr","locations":[{"start":{"line":193,"column":13},"end":{"line":193,"column":25}},{"start":{"line":193,"column":29},"end":{"line":193,"column":41}},{"start":{"line":193,"column":45},"end":{"line":193,"column":57}}],"line":193},"27":{"loc":{"start":{"line":196,"column":9},"end":{"line":208,"column":3}},"type":"if","locations":[{"start":{"line":196,"column":9},"end":{"line":208,"column":3}},{"start":{"line":199,"column":9},"end":{"line":208,"column":3}}],"line":196},"28":{"loc":{"start":{"line":199,"column":9},"end":{"line":208,"column":3}},"type":"if","locations":[{"start":{"line":199,"column":9},"end":{"line":208,"column":3}},{"start":{"line":202,"column":9},"end":{"line":208,"column":3}}],"line":199},"29":{"loc":{"start":{"line":199,"column":13},"end":{"line":199,"column":73}},"type":"binary-expr","locations":[{"start":{"line":199,"column":13},"end":{"line":199,"column":25}},{"start":{"line":199,"column":29},"end":{"line":199,"column":41}},{"start":{"line":199,"column":45},"end":{"line":199,"column":57}},{"start":{"line":199,"column":61},"end":{"line":199,"column":73}}],"line":199},"30":{"loc":{"start":{"line":202,"column":9},"end":{"line":208,"column":3}},"type":"if","locations":[{"start":{"line":202,"column":9},"end":{"line":208,"column":3}},{"start":{"line":205,"column":9},"end":{"line":208,"column":3}}],"line":202},"31":{"loc":{"start":{"line":202,"column":13},"end":{"line":202,"column":38}},"type":"binary-expr","locations":[{"start":{"line":202,"column":13},"end":{"line":202,"column":24}},{"start":{"line":202,"column":28},"end":{"line":202,"column":38}}],"line":202},"32":{"loc":{"start":{"line":205,"column":9},"end":{"line":208,"column":3}},"type":"if","locations":[{"start":{"line":205,"column":9},"end":{"line":208,"column":3}},{"start":{},"end":{}}],"line":205},"33":{"loc":{"start":{"line":205,"column":13},"end":{"line":205,"column":38}},"type":"binary-expr","locations":[{"start":{"line":205,"column":13},"end":{"line":205,"column":24}},{"start":{"line":205,"column":28},"end":{"line":205,"column":38}}],"line":205},"34":{"loc":{"start":{"line":239,"column":2},"end":{"line":246,"column":3}},"type":"if","locations":[{"start":{"line":239,"column":2},"end":{"line":246,"column":3}},{"start":{},"end":{}}],"line":239},"35":{"loc":{"start":{"line":252,"column":2},"end":{"line":261,"column":3}},"type":"if","locations":[{"start":{"line":252,"column":2},"end":{"line":261,"column":3}},{"start":{},"end":{}}],"line":252},"36":{"loc":{"start":{"line":267,"column":4},"end":{"line":275,"column":5}},"type":"if","locations":[{"start":{"line":267,"column":4},"end":{"line":275,"column":5}},{"start":{},"end":{}}],"line":267},"37":{"loc":{"start":{"line":301,"column":6},"end":{"line":310,"column":7}},"type":"if","locations":[{"start":{"line":301,"column":6},"end":{"line":310,"column":7}},{"start":{},"end":{}}],"line":301}},"s":{"0":1,"1":1,"2":1,"3":1,"4":1,"5":1,"6":26,"7":4,"8":22,"9":0,"10":22,"11":5,"12":17,"13":2,"14":15,"15":15,"16":2,"17":13,"18":4,"19":9,"20":5,"21":4,"22":0,"23":4,"24":4,"25":4,"26":4,"27":4,"28":4,"29":4,"30":4,"31":4,"32":4,"33":4,"34":0,"35":4,"36":4,"37":4,"38":4,"39":1,"40":3,"41":4,"42":4,"43":0,"44":4,"45":1,"46":4,"47":15,"48":15,"49":15,"50":15,"51":15,"52":15,"53":0,"54":15,"55":15,"56":0,"57":15,"58":0,"59":15,"60":15,"61":15,"62":3,"63":3,"64":3,"65":0,"66":12,"67":3,"68":3,"69":3,"70":0,"71":9,"72":3,"73":3,"74":3,"75":0,"76":6,"77":3,"78":3,"79":3,"80":3,"81":3,"82":3,"83":4,"84":8,"85":2,"86":6,"87":2,"88":4,"89":1,"90":3,"91":3,"92":0,"93":0,"94":0,"95":0,"96":0,"97":14,"98":14,"99":14,"100":14,"101":14,"102":8,"103":6,"104":6,"105":6,"106":1,"107":5,"108":5,"109":5,"110":4,"111":0,"112":1,"113":4,"114":4,"115":4,"116":3,"117":3,"118":1,"119":1,"120":1,"121":0,"122":1},"f":{"0":26,"1":5,"2":0,"3":4,"4":4,"5":4,"6":4,"7":0,"8":1,"9":15,"10":8,"11":14,"12":14},"b":{"0":[4,22],"1":[26,24],"2":[0,22],"3":[5,17],"4":[2,15],"5":[15,1],"6":[2,13],"7":[4,9],"8":[4],"9":[0,4],"10":[1,3],"11":[0,15],"12":[0,15],"13":[0,15],"14":[3,12],"15":[3,0],"16":[3,9],"17":[3,0],"18":[3,6],"19":[3,0],"20":[3,0,0],"21":[3,3],"22":[3,0],"23":[2,6],"24":[8,8],"25":[2,4],"26":[6,4,4],"27":[1,3],"28":[3,0],"29":[3,1,1,0],"30":[0,0],"31":[0,0],"32":[0,0],"33":[0,0],"34":[8,6],"35":[1,5],"36":[0,4],"37":[1,0]},"_coverageSchema":"1a1c01bbd47fc00a2c39e90264f33305004495a9","hash":"5b99b936d51040fc7dcd3debd397d2e95147de01"}
}
