TN:
SF:src/getDidYouMean.js
FN:34,levenshtein
FN:43,(anonymous_1)
FN:44,(anonymous_2)
FN:67,getDidYouMean
FNF:4
FNH:4
FNDA:188,levenshtein
FNDA:2405,(anonymous_1)
FNDA:25461,(anonymous_2)
FNDA:21,getDidYouMean
DA:11,2
DA:35,188
DA:36,188
DA:39,188
DA:40,187
DA:43,186
DA:44,25461
DA:47,186
DA:48,2219
DA:49,21273
DA:50,21273
DA:58,186
DA:68,21
DA:70,18
DA:71,18
DA:73,17
DA:74,17
DA:76,17
DA:79,17
DA:81,15
DA:82,15
DA:84,15
DA:85,180
DA:86,180
DA:87,25
DA:88,25
DA:93,15
DA:94,9
DA:97,6
DA:100,2
LF:30
LH:30
BRDA:39,0,0,1
BRDA:39,0,1,187
BRDA:40,1,0,1
BRDA:40,1,1,186
BRDA:44,2,0,1969
BRDA:44,2,1,23492
BRDA:44,3,0,2219
BRDA:44,3,1,21273
BRDA:49,4,0,2022
BRDA:49,4,1,19251
BRDA:68,5,0,3
BRDA:68,5,1,18
BRDA:68,6,0,21
BRDA:68,6,1,18
BRDA:71,7,0,1
BRDA:71,7,1,17
BRDA:76,8,0,0
BRDA:76,8,1,17
BRDA:76,9,0,17
BRDA:76,9,1,17
BRDA:79,10,0,2
BRDA:79,10,1,15
BRDA:86,11,0,25
BRDA:86,11,1,155
BRDA:93,12,0,9
BRDA:93,12,1,6
BRDA:93,13,0,15
BRDA:93,13,1,9
BRF:28
BRH:27
end_of_record
TN:
SF:src/index.js
FNF:0
FNH:0
DA:7,0
DA:8,0
DA:10,0
LF:3
LH:0
BRF:0
BRH:0
end_of_record
TN:
SF:src/verifyEmail.js
FN:48,validateSyntax
FN:78,getMxRecords
FN:80,(anonymous_2)
FN:81,(anonymous_3)
FN:94,smtpCheck
FN:95,(anonymous_5)
FN:103,(anonymous_6)
FN:115,(anonymous_7)
FN:119,(anonymous_8)
FN:123,(anonymous_9)
FN:189,interpretSmtpCode
FN:220,verifyEmail
FN:223,(anonymous_12)
FNF:13
FNH:11
FNDA:26,validateSyntax
FNDA:5,getMxRecords
FNDA:0,(anonymous_2)
FNDA:4,(anonymous_3)
FNDA:4,smtpCheck
FNDA:4,(anonymous_5)
FNDA:4,(anonymous_6)
FNDA:0,(anonymous_7)
FNDA:1,(anonymous_8)
FNDA:15,(anonymous_9)
FNDA:8,interpretSmtpCode
FNDA:14,verifyEmail
FNDA:14,(anonymous_12)
DA:8,1
DA:9,1
DA:10,1
DA:13,1
DA:20,1
DA:40,1
DA:49,26
DA:50,4
DA:52,22
DA:53,0
DA:55,22
DA:56,5
DA:58,17
DA:59,2
DA:62,15
DA:63,15
DA:64,2
DA:66,13
DA:67,4
DA:69,9
DA:79,5
DA:80,4
DA:81,4
DA:95,4
DA:96,4
DA:97,4
DA:98,4
DA:99,4
DA:100,4
DA:101,4
DA:103,4
DA:104,4
DA:105,4
DA:106,4
DA:107,4
DA:109,4
DA:110,3
DA:113,4
DA:115,4
DA:116,0
DA:119,4
DA:120,1
DA:123,4
DA:124,15
DA:127,15
DA:128,15
DA:130,15
DA:131,15
DA:132,15
DA:135,15
DA:136,15
DA:140,15
DA:142,15
DA:143,15
DA:145,15
DA:147,3
DA:148,3
DA:149,3
DA:151,0
DA:153,12
DA:154,3
DA:155,3
DA:156,3
DA:158,0
DA:160,9
DA:162,3
DA:163,3
DA:164,3
DA:166,0
DA:168,6
DA:169,3
DA:170,3
DA:171,3
DA:172,3
DA:173,3
DA:174,3
DA:179,4
DA:190,8
DA:192,2
DA:193,6
DA:195,2
DA:196,4
DA:198,1
DA:199,3
DA:201,3
DA:202,0
DA:204,0
DA:205,0
DA:207,0
DA:210,0
DA:221,14
DA:223,14
DA:238,14
DA:239,14
DA:240,8
DA:248,6
DA:251,6
DA:252,6
DA:253,1
DA:264,5
DA:265,5
DA:266,5
DA:267,4
DA:268,0
DA:277,1
DA:288,4
DA:289,4
DA:290,4
DA:291,3
DA:293,3
DA:300,1
DA:301,1
DA:302,1
DA:316,0
DA:319,1
LF:115
LH:103
BRDA:49,0,0,4
BRDA:49,0,1,22
BRDA:49,1,0,26
BRDA:49,1,1,24
BRDA:52,2,0,0
BRDA:52,2,1,22
BRDA:55,3,0,5
BRDA:55,3,1,17
BRDA:58,4,0,2
BRDA:58,4,1,15
BRDA:62,5,0,15
BRDA:62,5,1,1
BRDA:63,6,0,2
BRDA:63,6,1,13
BRDA:66,7,0,4
BRDA:66,7,1,9
BRDA:94,8,0,4
BRDA:104,9,0,0
BRDA:104,9,1,4
BRDA:109,10,0,1
BRDA:109,10,1,3
BRDA:132,11,0,0
BRDA:132,11,1,15
BRDA:136,12,0,0
BRDA:136,12,1,15
BRDA:140,13,0,0
BRDA:140,13,1,15
BRDA:145,14,0,3
BRDA:145,14,1,12
BRDA:147,15,0,3
BRDA:147,15,1,0
BRDA:153,16,0,3
BRDA:153,16,1,9
BRDA:154,17,0,3
BRDA:154,17,1,0
BRDA:160,18,0,3
BRDA:160,18,1,6
BRDA:162,19,0,3
BRDA:162,19,1,0
BRDA:162,20,0,3
BRDA:162,20,1,0
BRDA:162,20,2,0
BRDA:168,21,0,3
BRDA:168,21,1,3
BRDA:173,22,0,3
BRDA:173,22,1,0
BRDA:190,23,0,2
BRDA:190,23,1,6
BRDA:190,24,0,8
BRDA:190,24,1,8
BRDA:193,25,0,2
BRDA:193,25,1,4
BRDA:193,26,0,6
BRDA:193,26,1,4
BRDA:193,26,2,4
BRDA:196,27,0,1
BRDA:196,27,1,3
BRDA:199,28,0,3
BRDA:199,28,1,0
BRDA:199,29,0,3
BRDA:199,29,1,1
BRDA:199,29,2,1
BRDA:199,29,3,0
BRDA:202,30,0,0
BRDA:202,30,1,0
BRDA:202,31,0,0
BRDA:202,31,1,0
BRDA:205,32,0,0
BRDA:205,32,1,0
BRDA:205,33,0,0
BRDA:205,33,1,0
BRDA:239,34,0,8
BRDA:239,34,1,6
BRDA:252,35,0,1
BRDA:252,35,1,5
BRDA:267,36,0,0
BRDA:267,36,1,4
BRDA:301,37,0,1
BRDA:301,37,1,0
BRF:79
BRH:56
end_of_record
